<?xml version="1.0" encoding="UTF-8"?>
<!-- Generated by org.testng.reporters.JUnitXMLReporter -->
<testsuite ignored="0" hostname="DESKTOP-BNH02A0" failures="0" tests="3" name="Add Customer Test" time="33.136" errors="0" timestamp="2025-12-07T17:26:38 GMT-06:00">
  <testcase classname="testcases.AddCustomerTest" name="addCustomerTest" time="12.769"/>
  <testcase classname="testcases.AddCustomerTest" name="addCustomerTest" time="0.203">
    <skipped/>
  </testcase> <!-- addCustomerTest -->
  <testcase classname="testcases.AddCustomerTest" name="addCustomerTest" time="18.16"/>
</testsuite> <!-- Add Customer Test -->
