<?xml version="1.0" encoding="UTF-8"?>
<!-- Generated by org.testng.reporters.JUnitXMLReporter -->
<testsuite ignored="0" hostname="DESKTOP-BNH02A0" failures="1" tests="1" name="Bank Manager Login Test" time="19.324" errors="0" timestamp="2025-12-07T19:51:02 GMT-06:00">
  <testcase classname="testcases.SampleFormTest" name="sampleFormRegistration" time="18.944">
    <failure type="java.lang.NullPointerException" message="Cannot invoke &amp;quot;com.aventstack.extentreports.ExtentTest.fail(String)&amp;quot; because the return value of &amp;quot;extentlisteners.ExtentListeners.getExtent()&amp;quot; is null">
      <![CDATA[java.lang.NullPointerException: Cannot invoke "com.aventstack.extentreports.ExtentTest.fail(String)" because the return value of "extentlisteners.ExtentListeners.getExtent()" is null
at base.BaseTest.isElementPresent(BaseTest.java:106)
at testcases.SampleFormTest.sampleFormRegistration(SampleFormTest.java:18)
at java.base/java.util.ArrayList.forEach(ArrayList.java:1511)
... Removed 27 stack frames]]>
    </failure>
  </testcase> <!-- sampleFormRegistration -->
</testsuite> <!-- Bank Manager Login Test -->
