<?xml version="1.0" encoding="UTF-8"?>
<!-- Generated by org.testng.reporters.JUnitXMLReporter -->
<testsuite ignored="0" hostname="DESKTOP-BNH02A0" failures="1" tests="1" name="Developer Mastercard Tests" time="16.368" errors="0" timestamp="2025-12-10T12:41:17 GMT-06:00">
  <testcase classname="testcases.DeveloperMastercardTest" name="loginMastercardTest" time="16.131">
    <failure type="java.lang.NullPointerException" message="Cannot invoke &amp;quot;com.aventstack.extentreports.ExtentTest.fail(String)&amp;quot; because the return value of &amp;quot;extentlisteners.ExtentListeners.getExtent()&amp;quot; is null">
      <![CDATA[java.lang.NullPointerException: Cannot invoke "com.aventstack.extentreports.ExtentTest.fail(String)" because the return value of "extentlisteners.ExtentListeners.getExtent()" is null
at base.BaseTest.type(BaseTest.java:122)
at testcases.DeveloperMastercardTest.loginMastercardTest(DeveloperMastercardTest.java:17)
at java.base/java.util.ArrayList.forEach(ArrayList.java:1511)
... Removed 27 stack frames]]>
    </failure>
  </testcase> <!-- loginMastercardTest -->
</testsuite> <!-- Developer Mastercard Tests -->
