<?xml version="1.0" encoding="UTF-8"?>
<!-- Generated by org.testng.reporters.JUnitXMLReporter -->
<testsuite ignored="0" hostname="DESKTOP-BNH02A0" failures="0" tests="3" name="Open Account Test" time="32.449" errors="0" timestamp="2025-12-07T17:26:05 GMT-06:00">
  <testcase classname="testcases.OpenAccountTest" name="openAccountTest" time="9.918"/>
  <testcase classname="testcases.OpenAccountTest" name="openAccountTest" time="10.094"/>
  <testcase classname="testcases.OpenAccountTest" name="openAccountTest" time="11.185"/>
</testsuite> <!-- Open Account Test -->
