<?xml version="1.0" encoding="UTF-8"?>
<testng-results ignored="0" total="1" passed="1" failed="0" skipped="0">
  <reporter-output>
  </reporter-output>
  <suite started-at="2025-12-12T20:16:54 GMT-06:00" name="Data Driven Framework" finished-at="2025-12-12T20:17:10 GMT-06:00" duration-ms="16150">
    <groups>
    </groups>
    <test started-at="2025-12-12T20:16:54 GMT-06:00" name="MastercardProductLinkTest" finished-at="2025-12-12T20:17:10 GMT-06:00" duration-ms="16150">
      <class name="testcases.MastercardProductLinkTest">
        <test-method is-config="true" signature="setUp()[pri:0, instance:testcases.MastercardProductLinkTest@3e62d773]" started-at="2025-12-12T20:16:54 GMT-06:00" name="setUp" finished-at="2025-12-12T20:16:54 GMT-06:00" duration-ms="22" status="PASS">
          <reporter-output>
          </reporter-output>
        </test-method> <!-- setUp -->
        <test-method signature="ProductLinkMastercardTest()[pri:0, instance:testcases.MastercardProductLinkTest@3e62d773]" started-at="2025-12-12T20:16:54 GMT-06:00" name="ProductLinkMastercardTest" finished-at="2025-12-12T20:17:10 GMT-06:00" duration-ms="15818" status="PASS">
          <reporter-output>
          </reporter-output>
        </test-method> <!-- ProductLinkMastercardTest -->
        <test-method is-config="true" signature="quit()[pri:0, instance:testcases.MastercardProductLinkTest@3e62d773]" started-at="2025-12-12T20:17:10 GMT-06:00" name="quit" finished-at="2025-12-12T20:17:10 GMT-06:00" duration-ms="283" status="PASS">
          <reporter-output>
          </reporter-output>
        </test-method> <!-- quit -->
        <test-method is-config="true" signature="quitPlaywright()[pri:0, instance:testcases.MastercardProductLinkTest@3e62d773]" started-at="2025-12-12T20:17:11 GMT-06:00" name="quitPlaywright" finished-at="2025-12-12T20:17:11 GMT-06:00" duration-ms="27" status="PASS">
          <reporter-output>
          </reporter-output>
        </test-method> <!-- quitPlaywright -->
      </class> <!-- testcases.MastercardProductLinkTest -->
    </test> <!-- MastercardProductLinkTest -->
  </suite> <!-- Data Driven Framework -->
</testng-results>
