<?xml version="1.0" encoding="UTF-8"?>
<!-- Generated by org.testng.reporters.JUnitReportReporter -->
<testsuite hostname="DESKTOP-BNH02A0" failures="0" tests="3" name="testcases.AddCustomerTest" time="33.093" errors="0" timestamp="2025-12-07T17:26:39 GMT-06:00" skipped="1">
  <testcase classname="testcases.AddCustomerTest" name="addCustomerTest" time="14.147"/>
  <testcase classname="testcases.AddCustomerTest" name="addCustomerTest" time="0.214">
    <skipped/>
  </testcase> <!-- addCustomerTest -->
  <testcase classname="testcases.AddCustomerTest" name="addCustomerTest" time="18.732"/>
</testsuite> <!-- testcases.AddCustomerTest -->
