<?xml version="1.0" encoding="UTF-8"?>
<!-- Generated by org.testng.reporters.JUnitReportReporter -->
<testsuite hostname="DESKTOP-BNH02A0" failures="0" tests="3" name="testcases.OpenAccountTest" time="32.121" errors="0" timestamp="2025-12-07T17:26:39 GMT-06:00" skipped="0">
  <testcase classname="testcases.OpenAccountTest" name="openAccountTest" time="10.279"/>
  <testcase classname="testcases.OpenAccountTest" name="openAccountTest" time="10.087"/>
  <testcase classname="testcases.OpenAccountTest" name="openAccountTest" time="11.755"/>
</testsuite> <!-- testcases.OpenAccountTest -->
